################################################################################
#
# This file has been generated by SpyGlass:
#     Report Created by: sanjeev
#     Report Created on: Fri Jan 17 18:08:15 2025
#     Working Directory: /home/sanjeev/dv_work/DV_VLSI/UART_non_pulpino/sim
#     Report Location  : ./spyglass-1/lint/lint_functional_rtl/spyglass_reports/SpyGlass/unsynth_modules.rpt
#     SpyGlass Version : SpyGlass_vW-2024.09
#     Policy Name      : SpyGlass(SpyGlass_vW-2024.09)
#     Comment          : This report tells user about the Unsynthesized modules in the Design
#
################################################################################

Design Unit Name : jtag_idcode
File             : ../../Jtag/src/jtag.v
Line             : 45
Reason           : SYNTH_154 error(s) found during analysis
Cross Ref Id     : REFID_1:SYNTH_154[1]
BBox Viol Id     : 4
Remedy           : Fix Analysis errors



Quick Synth Error Reference
=====================================================================================================================================================================================

ViolId  CrossRefId  RuleName   AliasName  Severity        FileName               LineNo  Violation
-------------------------------------------------------------------------------------------------------------------------------------------------------------------------------------
[1]     REFID_1     SYNTH_154  SYNTH_154  SynthesisError  ../../Jtag/src/jtag.v  120     Both edge control and non-edge control expressions cannot be specified in the sensitivity list
