
################################################################################
#
# This file has been generated by SpyGlass:
#     Report Name      : moresimple
#     Report Created by: sanjeev
#     Report Created on: Fri Jan 17 18:08:12 2025
#     Working Directory: /home/sanjeev/dv_work/DV_VLSI/UART_non_pulpino/sim
#     SpyGlass Version : SpyGlass_vW-2024.09
#     Policy Name      : SpyGlass(SpyGlass_vW-2024.09)
#                        clock-reset(SpyGlass_vW-2024.09)
#                        erc(SpyGlass_vW-2024.09)
#                        latch(SpyGlass_vW-2024.09)
#                        lint(SpyGlass_vW-2024.09)
#                        morelint(SpyGlass_vW-2024.09)
#                        openmore(SpyGlass_vW-2024.09)
#                        power_est(SpyGlass_vW-2024.09)
#                        simulation(SpyGlass_vW-2024.09)
#                        starc(SpyGlass_vW-2024.09)
#                        starc2005(SpyGlass_vW-2024.09)
#                        txv(SpyGlass_vW-2024.09)
#
#     Total Number of Generated Primary Messages   :         59
#     Total Number of Generated Secondary Messages :          0
#     Number of Waived Primary Messages            :          0
#     Number of Waived Secondary Messages          :          0
#     Number of Reported Primary Messages          :         59
#     Number of Overlimit Messages                 :          0
#
#
################################################################################

++++++++++++++++++++++++++++++++++++++++++++++++++++++++++++++++++++++++++++++++++++++++++++++++++++++++++++++++
MORESIMPLE REPORT:


############### BuiltIn -> RuleGroup=Blackbox Resolution ###############
++++++++++++++++++++++++++++++++++++++++++++++++++++++++++++++++++++++++++++++++++++++++++++++++++++++++++++++++++++++++
ID       Rule                Alias               Severity    File                     Line    Wt    Secondary Msg Count    Message
========================================================================================================================
[3B]     ErrorAnalyzeBBox    ErrorAnalyzeBBox    Error       ../../Jtag/src/jtag.v    45      10    NA                     UnsynthesizedDU: Design Unit 'jtag_idcode' (elaborated name 'jtag_idcode') not synthesizable; SYNTH_154 error(s) found during analysis
+++++++++++++++++++++++++++++++++++++++++++++++++++++++++++++++++++++++++++++++++++++++++++++++++++++++++++++++++++++++


############### BuiltIn -> RuleGroup=Design Read ###############
++++++++++++++++++++++++++++++++++++++++++++++++++++++++++++++++++++++++++++++++++++++++++++++++++++++++++++++++++++++++
ID       Rule                    Alias                   Severity    File                                                                           Line    Wt      Secondary Msg Count    Message
========================================================================================================================
[4]      DetectTopDesignUnits    DetectTopDesignUnits    Info        ../../Jtag/src/jtag.v                                                          45      2       NA                     Module jtag_idcode is a top level design unit
[1]      WRN_69                  WRN_69                  Warning     ../../Jtag/src/jtag.v                                                          45      1000    NA                     Compiler directive `timescale found for module 'jtag_idcode' (in the file ../../Jtag/src/jtag.v at line 23) while previous modules do not
[3]      ElabSummary             ElabSummary             Info        ./spyglass-1/lint/lint_turbo_rtl/spyglass_reports/SpyGlass/elab_summary.rpt    0       2       NA                     Please refer file './spyglass-1/lint/lint_turbo_rtl/spyglass_reports/SpyGlass/elab_summary.rpt' for elab summary report
[0]      TurboModeStatus         TurboModeStatus         Info        N.A.                                                                           0       10      NA                     Turbo-Mode is enabled in the current run as turbo_struct license feature successfully checked out
+++++++++++++++++++++++++++++++++++++++++++++++++++++++++++++++++++++++++++++++++++++++++++++++++++++++++++++++++++++++


############### Non-BuiltIn -> Goal=lint/lint_turbo_rtl ###############
++++++++++++++++++++++++++++++++++++++++++++++++++++++++++++++++++++++++++++++++++++++++++++++++++++++++++++++++++++++++
ID       Rule                 Alias                   Severity        File                                                                            Line    Wt    Secondary Msg Count    Message
========================================================================================================================
[2]      mixedsenselist       SYNTH_154               Error           ../../Jtag/src/jtag.v                                                           120     5     NA                     Mixed conditions in sensitivity list may not be synthesizable
[5]      STARC05-2.1.4.5      NoLogicalOpOnMultBit    Warning         ../../Jtag/src/jtag.v                                                           409     5     NA                     Use bit-wise operator instead of logical operator '&&' in expression '(run_test_idle&&we)'
[6]      STARC05-2.1.4.5      NoLogicalOpOnMultBit    Warning         ../../Jtag/src/jtag.v                                                           600     5     NA                     Use bit-wise operator instead of logical operator '||' in expression '(shift_DR||shift_IR)'
[7]      STARC05-2.1.5.3      NoVectorOnCondExpr      Warning         ../../Jtag/src/jtag.v                                                           430     2     NA                     Conditional expression (shift_DR) does not evaluate to a scalar [Hierarchy: ':jtag_idcode']
[8]      STARC05-2.1.5.3      NoVectorOnCondExpr      Warning         ../../Jtag/src/jtag.v                                                           508     2     NA                     Conditional expression (shift_DR) does not evaluate to a scalar [Hierarchy: ':jtag_idcode']
[3A]     STARC05-2.10.3.2a    MatchWidthOnBoolExpr    Recommended1    ../../Jtag/src/jtag.v                                                           409     10    NA                     Operand bit-width mismatch for operator '&&': 'run_test_idle' ('4' bits) and 'we' ('1' bits). [Hierarchy: ':jtag_idcode']
[9]      STARC05-2.11.3.1     SepStateNextLogic       Warning         ../../Jtag/src/jtag.v                                                           395     10    NA                     Combinational and sequential parts of an FSM 'jtag_idcode.bist_state' described in same always block
[10]     W224                                         Warning         ../../Jtag/src/jtag.v                                                           430     5     NA                     Multi-bit expression 'shift_DR' found when one-bit expression expected[Hierarchy: ':jtag_idcode']
[11]     W224                                         Warning         ../../Jtag/src/jtag.v                                                           508     5     NA                     Multi-bit expression 'shift_DR' found when one-bit expression expected[Hierarchy: ':jtag_idcode']
[18]     W240                                         Warning         ../../Jtag/src/jtag.v                                                           47      10    NA                     Input 'parallel_in4' declared but not read.[Hierarchy: ':jtag_idcode']
[19]     W240                                         Warning         ../../Jtag/src/jtag.v                                                           47      10    NA                     Input 'parallel_in5' declared but not read.[Hierarchy: ':jtag_idcode']
[1A]     W240                                         Warning         ../../Jtag/src/jtag.v                                                           47      10    NA                     Input 'parallel_in6' declared but not read.[Hierarchy: ':jtag_idcode']
[1B]     W240                                         Warning         ../../Jtag/src/jtag.v                                                           48      10    NA                     Input 'serial_in2' declared but not read.[Hierarchy: ':jtag_idcode']
[1C]     W240                                         Warning         ../../Jtag/src/jtag.v                                                           48      10    NA                     Input 'serial_in3' declared but not read.[Hierarchy: ':jtag_idcode']
[1D]     W240                                         Warning         ../../Jtag/src/jtag.v                                                           48      10    NA                     Input 'serial_in4' declared but not read.[Hierarchy: ':jtag_idcode']
[1E]     W240                                         Warning         ../../Jtag/src/jtag.v                                                           48      10    NA                     Input 'serial_in5' declared but not read.[Hierarchy: ':jtag_idcode']
[1F]     W240                                         Warning         ../../Jtag/src/jtag.v                                                           48      10    NA                     Input 'serial_in6' declared but not read.[Hierarchy: ':jtag_idcode']
[20]     W240                                         Warning         ../../Jtag/src/jtag.v                                                           51      10    NA                     Input 'si' declared but not read.[Hierarchy: ':jtag_idcode']
[12]     W502                                         Warning         ../../Jtag/src/jtag.v                                                           133     5     NA                     The signal/variable 'ps' is modified inside always block [Hierarchy: ':jtag_idcode']
[13]     W502                                         Warning         ../../Jtag/src/jtag.v                                                           145     5     NA                     The signal/variable 'ps' is modified inside always block [Hierarchy: ':jtag_idcode']
[14]     W502                                         Warning         ../../Jtag/src/jtag.v                                                           169     5     NA                     The signal/variable 'ps' is modified inside always block [Hierarchy: ':jtag_idcode']
[15]     W502                                         Warning         ../../Jtag/src/jtag.v                                                           185     5     NA                     The signal/variable 'ps' is modified inside always block [Hierarchy: ':jtag_idcode']
[16]     W502                                         Warning         ../../Jtag/src/jtag.v                                                           227     5     NA                     The signal/variable 'ps' is modified inside always block [Hierarchy: ':jtag_idcode']
[17]     W502                                         Warning         ../../Jtag/src/jtag.v                                                           243     5     NA                     The signal/variable 'ps' is modified inside always block [Hierarchy: ':jtag_idcode']
[2F]     W528                                         Warning         ../../Jtag/src/jtag.v                                                           273     10    NA                     Variable 'TEST_LOGIC_RESET' set but not read.[Hierarchy: ':jtag_idcode']
[2A]     W528                                         Warning         ../../Jtag/src/jtag.v                                                           274     10    NA                     Variable 'RUN_TEST_IDLE' set but not read.[Hierarchy: ':jtag_idcode']
[2B]     W528                                         Warning         ../../Jtag/src/jtag.v                                                           275     10    NA                     Variable 'SELECT_DR' set but not read.[Hierarchy: ':jtag_idcode']
[21]     W528                                         Warning         ../../Jtag/src/jtag.v                                                           276     10    NA                     Variable 'CAPTURE_DR' set but not read.[Hierarchy: ':jtag_idcode']
[24]     W528                                         Warning         ../../Jtag/src/jtag.v                                                           278     10    NA                     Variable 'EXIT1_DR' set but not read.[Hierarchy: ':jtag_idcode']
[28]     W528                                         Warning         ../../Jtag/src/jtag.v                                                           279     10    NA                     Variable 'PAUSE_DR' set but not read.[Hierarchy: ':jtag_idcode']
[26]     W528                                         Warning         ../../Jtag/src/jtag.v                                                           280     10    NA                     Variable 'EXIT2_DR' set but not read.[Hierarchy: ':jtag_idcode']
[2C]     W528                                         Warning         ../../Jtag/src/jtag.v                                                           282     10    NA                     Variable 'SELECT_IR' set but not read.[Hierarchy: ':jtag_idcode']
[22]     W528                                         Warning         ../../Jtag/src/jtag.v                                                           283     10    NA                     Variable 'CAPTURE_IR' set but not read.[Hierarchy: ':jtag_idcode']
[2D]     W528                                         Warning         ../../Jtag/src/jtag.v                                                           284     10    NA                     Variable 'SHIFT_IR' set but not read.[Hierarchy: ':jtag_idcode']
[25]     W528                                         Warning         ../../Jtag/src/jtag.v                                                           285     10    NA                     Variable 'EXIT1_IR' set but not read.[Hierarchy: ':jtag_idcode']
[29]     W528                                         Warning         ../../Jtag/src/jtag.v                                                           286     10    NA                     Variable 'PAUSE_IR' set but not read.[Hierarchy: ':jtag_idcode']
[27]     W528                                         Warning         ../../Jtag/src/jtag.v                                                           287     10    NA                     Variable 'EXIT2_IR' set but not read.[Hierarchy: ':jtag_idcode']
[30]     W528                                         Warning         ../../Jtag/src/jtag.v                                                           288     10    NA                     Variable 'UPDATE_IR' set but not read.[Hierarchy: ':jtag_idcode']
[38]     W528                                         Warning         ../../Jtag/src/jtag.v                                                           349     10    NA                     Variable 'DR_reg[3:0]' set but not read.[Hierarchy: ':jtag_idcode']
[32]     W528                                         Warning         ../../Jtag/src/jtag.v                                                           386     10    NA                     Variable 'bist_done' set but not read.[Hierarchy: ':jtag_idcode']
[33]     W528                                         Warning         ../../Jtag/src/jtag.v                                                           387     10    NA                     Variable 'bist_pass' set but not read.[Hierarchy: ':jtag_idcode']
[31]     W528                                         Warning         ../../Jtag/src/jtag.v                                                           388     10    NA                     Variable 'bist_active' set but not read.[Hierarchy: ':jtag_idcode']
[2E]     W528                                         Warning         ../../Jtag/src/jtag.v                                                           527     10    NA                     Variable 'SO1' set but not read.[Hierarchy: ':jtag_idcode']
[37]     W528                                         Warning         ../../Jtag/src/jtag.v                                                           713     10    NA                     Variable 'tdo_temp_sp1' set but not read.[Hierarchy: ':jtag_idcode']
[34]     W528                                         Warning         ../../Jtag/src/jtag.v                                                           776     10    NA                     Variable 'buf_out1' set but not read.[Hierarchy: ':jtag_idcode']
[35]     W528                                         Warning         ../../Jtag/src/jtag.v                                                           777     10    NA                     Variable 'buf_out2' set but not read.[Hierarchy: ':jtag_idcode']
[36]     W528                                         Warning         ../../Jtag/src/jtag.v                                                           778     10    NA                     Variable 'buf_out3' set but not read.[Hierarchy: ':jtag_idcode']
[A]      sim_race02           WriteWriteRace          Warning         ../../Jtag/src/jtag.v                                                           539     10    NA                     Write-Write Race for signal tdo (assignments on line 539 and line 368)
[B]      sim_race02           WriteWriteRace          Warning         ../../Jtag/src/jtag.v                                                           595     10    NA                     Write-Write Race for signal internal_state (assignments on line 595 and line 574)
[C]      sim_race02           WriteWriteRace          Warning         ../../Jtag/src/jtag.v                                                           595     10    NA                     Write-Write Race for signal internal_state (assignments on line 595 and line 578)
[D]      sim_race02           WriteWriteRace          Warning         ../../Jtag/src/jtag.v                                                           618     10    NA                     Write-Write Race for signal tdo (assignments on line 618 and line 368)
[E]      sim_race02           WriteWriteRace          Warning         ../../Jtag/src/jtag.v                                                           735     10    NA                     Write-Write Race for signal tdo (assignments on line 735 and line 368)
[F]      sim_race02           WriteWriteRace          Warning         ../../Jtag/src/jtag.v                                                           821     10    NA                     Write-Write Race for signal tdo (assignments on line 821 and line 368)
[23]     W528                                         Info            ./spyglass-1/lint/lint_turbo_rtl/spyglass_reports/lint/SignalUsageReport.rpt    0       10    NA                     Please refer to 'SignalUsageReport.rpt' for details of violating bits
+++++++++++++++++++++++++++++++++++++++++++++++++++++++++++++++++++++++++++++++++++++++++++++++++++++++++++++++++++++++
