
################################################################################
#
# This file has been generated by SpyGlass:
#     Report Name      : moresimple_turbo
#     Report Created by: sanjeev
#     Report Created on: Fri Jan 17 18:08:12 2025
#     Working Directory: /home/sanjeev/dv_work/DV_VLSI/UART_non_pulpino/sim
#     SpyGlass Version : SpyGlass_vW-2024.09
#     Policy Name      : SpyGlass(SpyGlass_vW-2024.09)
#                        clock-reset(SpyGlass_vW-2024.09)
#                        erc(SpyGlass_vW-2024.09)
#                        latch(SpyGlass_vW-2024.09)
#                        lint(SpyGlass_vW-2024.09)
#                        morelint(SpyGlass_vW-2024.09)
#                        openmore(SpyGlass_vW-2024.09)
#                        power_est(SpyGlass_vW-2024.09)
#                        simulation(SpyGlass_vW-2024.09)
#                        starc(SpyGlass_vW-2024.09)
#                        starc2005(SpyGlass_vW-2024.09)
#                        txv(SpyGlass_vW-2024.09)
#
#     Total Number of Generated Primary Messages   :         59
#     Total Number of Generated Secondary Messages :          0
#     Number of Waived Primary Messages            :          0
#     Number of Waived Secondary Messages          :          0
#     Number of Reported Primary Messages          :         59
#     Number of Reported Secondary Messages        :          0
#     Number of Overlimit Messages                 :          0
#
#
################################################################################

++++++++++++++++++++++++++++++++++++++++++++++++++++++++++++++++++++++++++++++++++++++++++++++++++++++++++++++++
MORESIMPLE_TURBO REPORT:


############### BuiltIn -> RuleGroup=Blackbox Resolution ###############
++++++++++++++++++++++++++++++++++++++++++++++++++++++++++++++++++++++++++++++++++++++++++++++++++++++++++++++++++++++++
ID       ParentID   Rule                Alias               Severity    File                     Line    Wt    Message
========================================================================================================================
[3B]     N.A        ErrorAnalyzeBBox    ErrorAnalyzeBBox    Error       ../../Jtag/src/jtag.v    45      10    UnsynthesizedDU: Design Unit 'jtag_idcode' (elaborated name 'jtag_idcode') not synthesizable; SYNTH_154 error(s) found during analysis
+++++++++++++++++++++++++++++++++++++++++++++++++++++++++++++++++++++++++++++++++++++++++++++++++++++++++++++++++++++++


############### BuiltIn -> RuleGroup=Design Read ###############
++++++++++++++++++++++++++++++++++++++++++++++++++++++++++++++++++++++++++++++++++++++++++++++++++++++++++++++++++++++++
ID       ParentID   Rule                    Alias                   Severity    File                                                                           Line    Wt      Message
========================================================================================================================
[4]      N.A        DetectTopDesignUnits    DetectTopDesignUnits    Info        ../../Jtag/src/jtag.v                                                          45      2       Module jtag_idcode is a top level design unit
[1]      N.A        WRN_69                  WRN_69                  Warning     ../../Jtag/src/jtag.v                                                          45      1000    Compiler directive `timescale found for module 'jtag_idcode' (in the file ../../Jtag/src/jtag.v at line 23) while previous modules do not
[3]      N.A        ElabSummary             ElabSummary             Info        ./spyglass-1/lint/lint_turbo_rtl/spyglass_reports/SpyGlass/elab_summary.rpt    0       2       Please refer file './spyglass-1/lint/lint_turbo_rtl/spyglass_reports/SpyGlass/elab_summary.rpt' for elab summary report
[0]      N.A        TurboModeStatus         TurboModeStatus         Info        N.A.                                                                           0       10      Turbo-Mode is enabled in the current run as turbo_struct license feature successfully checked out
+++++++++++++++++++++++++++++++++++++++++++++++++++++++++++++++++++++++++++++++++++++++++++++++++++++++++++++++++++++++


############### Non-BuiltIn -> Goal=lint/lint_turbo_rtl ###############
++++++++++++++++++++++++++++++++++++++++++++++++++++++++++++++++++++++++++++++++++++++++++++++++++++++++++++++++++++++++
ID       ParentID   Rule                 Alias                   Severity        File                                                                            Line    Wt    Message
========================================================================================================================
[2]      N.A        mixedsenselist       SYNTH_154               Error           ../../Jtag/src/jtag.v                                                           120     5     Mixed conditions in sensitivity list may not be synthesizable
[5]      N.A        STARC05-2.1.4.5      NoLogicalOpOnMultBit    Warning         ../../Jtag/src/jtag.v                                                           409     5     Use bit-wise operator instead of logical operator '&&' in expression '(run_test_idle&&we)'
[6]      N.A        STARC05-2.1.4.5      NoLogicalOpOnMultBit    Warning         ../../Jtag/src/jtag.v                                                           600     5     Use bit-wise operator instead of logical operator '||' in expression '(shift_DR||shift_IR)'
[7]      N.A        STARC05-2.1.5.3      NoVectorOnCondExpr      Warning         ../../Jtag/src/jtag.v                                                           430     2     Conditional expression (shift_DR) does not evaluate to a scalar [Hierarchy: ':jtag_idcode']
[8]      N.A        STARC05-2.1.5.3      NoVectorOnCondExpr      Warning         ../../Jtag/src/jtag.v                                                           508     2     Conditional expression (shift_DR) does not evaluate to a scalar [Hierarchy: ':jtag_idcode']
[3A]     N.A        STARC05-2.10.3.2a    MatchWidthOnBoolExpr    Recommended1    ../../Jtag/src/jtag.v                                                           409     10    Operand bit-width mismatch for operator '&&': 'run_test_idle' ('4' bits) and 'we' ('1' bits). [Hierarchy: ':jtag_idcode']
[9]      N.A        STARC05-2.11.3.1     SepStateNextLogic       Warning         ../../Jtag/src/jtag.v                                                           395     10    Combinational and sequential parts of an FSM 'jtag_idcode.bist_state' described in same always block
[10]     N.A        W224                                         Warning         ../../Jtag/src/jtag.v                                                           430     5     Multi-bit expression 'shift_DR' found when one-bit expression expected[Hierarchy: ':jtag_idcode']
[11]     N.A        W224                                         Warning         ../../Jtag/src/jtag.v                                                           508     5     Multi-bit expression 'shift_DR' found when one-bit expression expected[Hierarchy: ':jtag_idcode']
[18]     N.A        W240                                         Warning         ../../Jtag/src/jtag.v                                                           47      10    Input 'parallel_in4' declared but not read.[Hierarchy: ':jtag_idcode']
[19]     N.A        W240                                         Warning         ../../Jtag/src/jtag.v                                                           47      10    Input 'parallel_in5' declared but not read.[Hierarchy: ':jtag_idcode']
[1A]     N.A        W240                                         Warning         ../../Jtag/src/jtag.v                                                           47      10    Input 'parallel_in6' declared but not read.[Hierarchy: ':jtag_idcode']
[1B]     N.A        W240                                         Warning         ../../Jtag/src/jtag.v                                                           48      10    Input 'serial_in2' declared but not read.[Hierarchy: ':jtag_idcode']
[1C]     N.A        W240                                         Warning         ../../Jtag/src/jtag.v                                                           48      10    Input 'serial_in3' declared but not read.[Hierarchy: ':jtag_idcode']
[1D]     N.A        W240                                         Warning         ../../Jtag/src/jtag.v                                                           48      10    Input 'serial_in4' declared but not read.[Hierarchy: ':jtag_idcode']
[1E]     N.A        W240                                         Warning         ../../Jtag/src/jtag.v                                                           48      10    Input 'serial_in5' declared but not read.[Hierarchy: ':jtag_idcode']
[1F]     N.A        W240                                         Warning         ../../Jtag/src/jtag.v                                                           48      10    Input 'serial_in6' declared but not read.[Hierarchy: ':jtag_idcode']
[20]     N.A        W240                                         Warning         ../../Jtag/src/jtag.v                                                           51      10    Input 'si' declared but not read.[Hierarchy: ':jtag_idcode']
[12]     N.A        W502                                         Warning         ../../Jtag/src/jtag.v                                                           133     5     The signal/variable 'ps' is modified inside always block [Hierarchy: ':jtag_idcode']
[13]     N.A        W502                                         Warning         ../../Jtag/src/jtag.v                                                           145     5     The signal/variable 'ps' is modified inside always block [Hierarchy: ':jtag_idcode']
[14]     N.A        W502                                         Warning         ../../Jtag/src/jtag.v                                                           169     5     The signal/variable 'ps' is modified inside always block [Hierarchy: ':jtag_idcode']
[15]     N.A        W502                                         Warning         ../../Jtag/src/jtag.v                                                           185     5     The signal/variable 'ps' is modified inside always block [Hierarchy: ':jtag_idcode']
[16]     N.A        W502                                         Warning         ../../Jtag/src/jtag.v                                                           227     5     The signal/variable 'ps' is modified inside always block [Hierarchy: ':jtag_idcode']
[17]     N.A        W502                                         Warning         ../../Jtag/src/jtag.v                                                           243     5     The signal/variable 'ps' is modified inside always block [Hierarchy: ':jtag_idcode']
[2F]     N.A        W528                                         Warning         ../../Jtag/src/jtag.v                                                           273     10    Variable 'TEST_LOGIC_RESET' set but not read.[Hierarchy: ':jtag_idcode']
[2A]     N.A        W528                                         Warning         ../../Jtag/src/jtag.v                                                           274     10    Variable 'RUN_TEST_IDLE' set but not read.[Hierarchy: ':jtag_idcode']
[2B]     N.A        W528                                         Warning         ../../Jtag/src/jtag.v                                                           275     10    Variable 'SELECT_DR' set but not read.[Hierarchy: ':jtag_idcode']
[21]     N.A        W528                                         Warning         ../../Jtag/src/jtag.v                                                           276     10    Variable 'CAPTURE_DR' set but not read.[Hierarchy: ':jtag_idcode']
[24]     N.A        W528                                         Warning         ../../Jtag/src/jtag.v                                                           278     10    Variable 'EXIT1_DR' set but not read.[Hierarchy: ':jtag_idcode']
[28]     N.A        W528                                         Warning         ../../Jtag/src/jtag.v                                                           279     10    Variable 'PAUSE_DR' set but not read.[Hierarchy: ':jtag_idcode']
[26]     N.A        W528                                         Warning         ../../Jtag/src/jtag.v                                                           280     10    Variable 'EXIT2_DR' set but not read.[Hierarchy: ':jtag_idcode']
[2C]     N.A        W528                                         Warning         ../../Jtag/src/jtag.v                                                           282     10    Variable 'SELECT_IR' set but not read.[Hierarchy: ':jtag_idcode']
[22]     N.A        W528                                         Warning         ../../Jtag/src/jtag.v                                                           283     10    Variable 'CAPTURE_IR' set but not read.[Hierarchy: ':jtag_idcode']
[2D]     N.A        W528                                         Warning         ../../Jtag/src/jtag.v                                                           284     10    Variable 'SHIFT_IR' set but not read.[Hierarchy: ':jtag_idcode']
[25]     N.A        W528                                         Warning         ../../Jtag/src/jtag.v                                                           285     10    Variable 'EXIT1_IR' set but not read.[Hierarchy: ':jtag_idcode']
[29]     N.A        W528                                         Warning         ../../Jtag/src/jtag.v                                                           286     10    Variable 'PAUSE_IR' set but not read.[Hierarchy: ':jtag_idcode']
[27]     N.A        W528                                         Warning         ../../Jtag/src/jtag.v                                                           287     10    Variable 'EXIT2_IR' set but not read.[Hierarchy: ':jtag_idcode']
[30]     N.A        W528                                         Warning         ../../Jtag/src/jtag.v                                                           288     10    Variable 'UPDATE_IR' set but not read.[Hierarchy: ':jtag_idcode']
[38]     N.A        W528                                         Warning         ../../Jtag/src/jtag.v                                                           349     10    Variable 'DR_reg[3:0]' set but not read.[Hierarchy: ':jtag_idcode']
[32]     N.A        W528                                         Warning         ../../Jtag/src/jtag.v                                                           386     10    Variable 'bist_done' set but not read.[Hierarchy: ':jtag_idcode']
[33]     N.A        W528                                         Warning         ../../Jtag/src/jtag.v                                                           387     10    Variable 'bist_pass' set but not read.[Hierarchy: ':jtag_idcode']
[31]     N.A        W528                                         Warning         ../../Jtag/src/jtag.v                                                           388     10    Variable 'bist_active' set but not read.[Hierarchy: ':jtag_idcode']
[2E]     N.A        W528                                         Warning         ../../Jtag/src/jtag.v                                                           527     10    Variable 'SO1' set but not read.[Hierarchy: ':jtag_idcode']
[37]     N.A        W528                                         Warning         ../../Jtag/src/jtag.v                                                           713     10    Variable 'tdo_temp_sp1' set but not read.[Hierarchy: ':jtag_idcode']
[34]     N.A        W528                                         Warning         ../../Jtag/src/jtag.v                                                           776     10    Variable 'buf_out1' set but not read.[Hierarchy: ':jtag_idcode']
[35]     N.A        W528                                         Warning         ../../Jtag/src/jtag.v                                                           777     10    Variable 'buf_out2' set but not read.[Hierarchy: ':jtag_idcode']
[36]     N.A        W528                                         Warning         ../../Jtag/src/jtag.v                                                           778     10    Variable 'buf_out3' set but not read.[Hierarchy: ':jtag_idcode']
[A]      N.A        sim_race02           WriteWriteRace          Warning         ../../Jtag/src/jtag.v                                                           539     10    Write-Write Race for signal tdo (assignments on line 539 and line 368)
[B]      N.A        sim_race02           WriteWriteRace          Warning         ../../Jtag/src/jtag.v                                                           595     10    Write-Write Race for signal internal_state (assignments on line 595 and line 574)
[C]      N.A        sim_race02           WriteWriteRace          Warning         ../../Jtag/src/jtag.v                                                           595     10    Write-Write Race for signal internal_state (assignments on line 595 and line 578)
[D]      N.A        sim_race02           WriteWriteRace          Warning         ../../Jtag/src/jtag.v                                                           618     10    Write-Write Race for signal tdo (assignments on line 618 and line 368)
[E]      N.A        sim_race02           WriteWriteRace          Warning         ../../Jtag/src/jtag.v                                                           735     10    Write-Write Race for signal tdo (assignments on line 735 and line 368)
[F]      N.A        sim_race02           WriteWriteRace          Warning         ../../Jtag/src/jtag.v                                                           821     10    Write-Write Race for signal tdo (assignments on line 821 and line 368)
[23]     N.A        W528                                         Info            ./spyglass-1/lint/lint_turbo_rtl/spyglass_reports/lint/SignalUsageReport.rpt    0       10    Please refer to 'SignalUsageReport.rpt' for details of violating bits
+++++++++++++++++++++++++++++++++++++++++++++++++++++++++++++++++++++++++++++++++++++++++++++++++++++++++++++++++++++++
