################################################################################
#
# This file has been generated by SpyGlass:
#     Report Created by: sanjeev
#     Report Created on: Fri Jan 17 18:08:13 2025
#     Working Directory: /home/sanjeev/dv_work/DV_VLSI/UART_non_pulpino/sim
#     Report Location  : ./spyglass-1/lint/lint_turbo_rtl/spyglass_reports/SpyGlass/unsynth_modules.rpt
#     SpyGlass Version : SpyGlass_vW-2024.09
#     Policy Name      : SpyGlass(SpyGlass_vW-2024.09)
#     Comment          : This report tells user about the Unsynthesized modules in the Design
#
################################################################################

Design Unit Name : jtag_idcode
File             : ../../Jtag/src/jtag.v
Line             : 45
Reason           : SYNTH_154 error(s) found during analysis
Cross Ref Id     : REFID_1:mixedsenselist[2]
BBox Viol Id     : 59
Remedy           : Fix Analysis errors



Quick Synth Error Reference
===================================================================================================================================================

ViolId  CrossRefId  RuleName        AliasName  Severity  FileName               LineNo  Violation
---------------------------------------------------------------------------------------------------------------------------------------------------
[2]     REFID_1     mixedsenselist  SYNTH_154  Error     ../../Jtag/src/jtag.v  120     Mixed conditions in sensitivity list may not be synthesizable
