
################################################################################
#
# This file has been generated by SpyGlass:
#     Report Name      : moresimple
#     Report Created by: sanjeev
#     Report Created on:  Fri Jan 17 18:08:21 2025
#     Working Directory: /home/sanjeev/dv_work/DV_VLSI/UART_non_pulpino/sim
#     SpyGlass Version : SpyGlass_vW-2024.09
#     Policy Name      : SpyGlass(SpyGlass_vW-2024.09)
#                        clock-reset(SpyGlass_vW-2024.09)
#
#     Total Number of Generated Messages :          3
#     Number of Waived Messages          :          0
#     Number of Reported Messages        :          3
#     Number of Overlimit Messages       :          0
#
#
################################################################################

+++++++++++++++++++++++++++++++++++++++++++++++++++++++++++++++++++++++
MORESIMPLE REPORT:


############### BuiltIn -> RuleGroup=Blackbox Resolution ###############
+++++++++++++++++++++++++++++++++++++++++++++++++++++++++++++++++++++++++++++++++++++++
ID       Rule                Alias               Severity    File                     Line    Wt    Message
======================================================================================
[2]      ErrorAnalyzeBBox    ErrorAnalyzeBBox    Error       ../../Jtag/src/jtag.v    45      10    UnsynthesizedDU: Design Unit 'jtag_idcode' (elaborated name 'jtag_idcode') not synthesizable; SYNTH_154 error(s) found during analysis
+++++++++++++++++++++++++++++++++++++++++++++++++++++++++++++++++++++++++++++++++++++++


############### BuiltIn -> RuleGroup=Design Read ###############
+++++++++++++++++++++++++++++++++++++++++++++++++++++++++++++++++++++++++++++++++++++++
ID       Rule                    Alias                   Severity    File                                                                           Line    Wt    Message
======================================================================================
[1]      DetectTopDesignUnits    DetectTopDesignUnits    Info        ../../Jtag/src/jtag.v                                                          45      2     Module jtag_idcode is a top level design unit
[0]      ElabSummary             ElabSummary             Info        ./spyglass-1/cdc/cdc_setup_check/spyglass_reports/SpyGlass/elab_summary.rpt    0       2     Please refer file './spyglass-1/cdc/cdc_setup_check/spyglass_reports/SpyGlass/elab_summary.rpt' for elab summary report
+++++++++++++++++++++++++++++++++++++++++++++++++++++++++++++++++++++++++++++++++++++++
