
################################################################################
#
# This file has been generated by SpyGlass:
#     Report Name      : moresimple
#     Report Created by: sanjeev
#     Report Created on:  Fri Jan 17 18:08:19 2025
#     Working Directory: /home/sanjeev/dv_work/DV_VLSI/UART_non_pulpino/sim
#     SpyGlass Version : SpyGlass_vW-2024.09
#     Policy Name      : SpyGlass(SpyGlass_vW-2024.09)
#                        clock-reset(SpyGlass_vW-2024.09)
#                        lint(SpyGlass_vW-2024.09)
#                        morelint(SpyGlass_vW-2024.09)
#                        power_est(SpyGlass_vW-2024.09)
#                        txv(SpyGlass_vW-2024.09)
#
#     Total Number of Generated Messages :          5
#     Number of Waived Messages          :          0
#     Number of Reported Messages        :          5
#     Number of Overlimit Messages       :          0
#
#
################################################################################

+++++++++++++++++++++++++++++++++++++++++++++++++++++++++++++++++++++++
MORESIMPLE REPORT:


############### BuiltIn -> RuleGroup=Blackbox Resolution ###############
+++++++++++++++++++++++++++++++++++++++++++++++++++++++++++++++++++++++++++++++++++++++
ID       Rule                Alias               Severity    File                     Line    Wt    Message
======================================================================================
[4]      ErrorAnalyzeBBox    ErrorAnalyzeBBox    Error       ../../Jtag/src/jtag.v    45      10    UnsynthesizedDU: Design Unit 'jtag_idcode' (elaborated name 'jtag_idcode') not synthesizable; SYNTH_154 error(s) found during analysis
+++++++++++++++++++++++++++++++++++++++++++++++++++++++++++++++++++++++++++++++++++++++


############### BuiltIn -> RuleGroup=Design Read ###############
+++++++++++++++++++++++++++++++++++++++++++++++++++++++++++++++++++++++++++++++++++++++
ID       Rule                    Alias                   Severity          File                                                                          Line    Wt      Message
======================================================================================
[3]      DetectTopDesignUnits    DetectTopDesignUnits    Info              ../../Jtag/src/jtag.v                                                         45      2       Module jtag_idcode is a top level design unit
[1]      SYNTH_154               SYNTH_154               SynthesisError    ../../Jtag/src/jtag.v                                                         120     1000    Both edge control and non-edge control expressions cannot be specified in the sensitivity list
[0]      WRN_69                  WRN_69                  Warning           ../../Jtag/src/jtag.v                                                         45      1000    Compiler directive `timescale found for module 'jtag_idcode' (in the file ../../Jtag/src/jtag.v at line 23) while previous modules do not
[2]      ElabSummary             ElabSummary             Info              ./spyglass-1/lint/lint_abstract/spyglass_reports/SpyGlass/elab_summary.rpt    0       2       Please refer file './spyglass-1/lint/lint_abstract/spyglass_reports/SpyGlass/elab_summary.rpt' for elab summary report
+++++++++++++++++++++++++++++++++++++++++++++++++++++++++++++++++++++++++++++++++++++++
