
################################################################################
#
# This file has been generated by SpyGlass:
#     Report Name      : no_msg_reporting_rules
#     Report Created by: sanjeev
#     Report Created on:  Fri Jan 17 18:08:19 2025
#     Working Directory: /home/sanjeev/dv_work/DV_VLSI/UART_non_pulpino/sim
#     SpyGlass Version : SpyGlass_vW-2024.09
#     Policy Name      : SpyGlass(SpyGlass_vW-2024.09)
#                        clock-reset(SpyGlass_vW-2024.09)
#                        lint(SpyGlass_vW-2024.09)
#                        morelint(SpyGlass_vW-2024.09)
#                        power_est(SpyGlass_vW-2024.09)
#                        txv(SpyGlass_vW-2024.09)
#
#     Total Number of Generated Messages :          5
#     Number of Waived Messages          :          0
#     Number of Reported Messages        :          5
#     Number of Overlimit Messages       :          0
#
#
################################################################################

NO VIOLATION RULE REPORT :
++++++++++++++++++++++++++++++++++++++++++++++++++++++++++++++++++++++++++++++++

Following rules did not produce any violation or waived off during spyglass run

++++++++++++++++++++++++++++++++++++++++++++++++++++++++++++++++++++++++++++++++


================================================================================
	INDEX                                   RULE-NAME
================================================================================
	1                                  LINT_abstract01
================================================================================
