################################################################################
#
# This file has been generated by SpyGlass:
#     Report Created by: sanjeev
#     Report Created on: Fri Jan 17 18:00:58 2025
#     Working Directory: /home/sanjeev/dv_work/DV_VLSI/UART_non_pulpino/sim
#     Report Location  : ./spyglass-1/Design_Read/spyglass_reports/SpyGlass/elab_summary.rpt
#     SpyGlass Version : SpyGlass_vW-2024.09
#     Policy Name      : SpyGlass(SpyGlass_vW-2024.09)
#     Comment          : This report contains RTL and Elaborated names along with parameter values
#
################################################################################

================================================================================
Elaborated Name: 'boundary'
    (RTL Design Unit name: 'boundary', ../../Jtag/src/boundary.v:1)
     Parameters (Total: 0)
     Instances (Total: 6): jtag_idcode.b6, jtag_idcode.b5, jtag_idcode.b4, jtag_idcode.b3, jtag_idcode.b2  ... more

================================================================================

Elaborated Name: 'jtag_idcode'
    (RTL Design Unit name: 'jtag_idcode', ../../Jtag/src/jtag.v:45)
     Parameters (Total: 28)
         test_logic_reset = 0 (default: 4'b0000)
         run_test_idle    = 1 (default: 4'b0001)
         select_DR        = 2 (default: 4'b0010)
         capture_DR       = 3 (default: 4'b0011)
         shift_DR         = 4 (default: 4'b0100)
         exit1_DR         = 5 (default: 4'b0101)
         pause_DR         = 6 (default: 4'b0110)
         exit2_DR         = 7 (default: 4'b0111)
         update_DR        = 8 (default: 4'b1000)
         select_IR        = 9 (default: 4'b1001)
         capture_IR       = 10 (default: 4'b1010)
         shift_IR         = 11 (default: 4'b1011)
         exit1_IR         = 12 (default: 4'b1100)
         pause_IR         = 13 (default: 4'b1101)
         exit2_IR         = 14 (default: 4'b1110)
         update_IR        = 15 (default: 4'b1111)
         BYPASS_opcode    = 15 (default: 4'b1111)
         Samp_Pre_opcode  = 1 (default: 4'b0001)
         EXTEST_opcode    = 0 (default: 4'b0000)
         IDCODE_opcode    = 8 (default: 4'b1000)
         RUNBIST_opcode   = 13 (default: 4'b1101)
         BIST_DURATION    = 100 (default: 100)
         INTEST_opcode    = 9 (default: 4'b1001)
         CLAMP            = 14 (default: 4'b1110)
         RUNBIST_INST     = 5 (default: 4'b0101)
         BIST_IDLE        = 0 (default: 2'b00)
         BIST_RUN         = 1 (default: 2'b01)
         BIST_COMPLETE    = 2 (default: 2'b10)
================================================================================
