
################################################################################
#
# This file has been generated by SpyGlass:
#     Report Name      : no_msg_reporting_rules
#     Report Created by: sanjeev
#     Report Created on:  Fri Jan 17 18:08:15 2025
#     Working Directory: /home/sanjeev/dv_work/DV_VLSI/UART_non_pulpino/sim
#     SpyGlass Version : SpyGlass_vW-2024.09
#     Policy Name      : SpyGlass(SpyGlass_vW-2024.09)
#                        auto-verify(SpyGlass_vW-2024.09)
#
#     Total Number of Generated Messages :          5
#     Number of Waived Messages          :          0
#     Number of Reported Messages        :          5
#     Number of Overlimit Messages       :          0
#
#
################################################################################

NO VIOLATION RULE REPORT :
++++++++++++++++++++++++++++++++++++++++++++++++++++++++++++++++++++++++++++++++

Following rules did not produce any violation or waived off during spyglass run

++++++++++++++++++++++++++++++++++++++++++++++++++++++++++++++++++++++++++++++++


================================================================================
	INDEX                                   RULE-NAME
================================================================================
	1                                  Av_Info_Case_Analysis
	2                                  Av_case_default_missing
	3                                  Av_case_default_redundant
	4                                  Av_dontcare_mismatch
	5                                  Av_signed_unsigned_mismatch
	6                                  Av_width_mismatch_assign
	7                                  Av_width_mismatch_case
	8                                  Av_width_mismatch_expr
	9                                  Av_width_mismatch_expr02
	10                                 Av_width_mismatch_expr03
	11                                 Av_width_mismatch_function
	12                                 Av_width_mismatch_port
================================================================================
